
> my-v0-project@0.1.0 build
> next build

ΓÜá `eslint` configuration in next.config.mjs is no longer supported. See more info here: https://nextjs.org/docs/app/api-reference/cli/next#next-lint-options
ΓÜá Invalid next.config.mjs options detected: 
ΓÜá     Unrecognized key(s) in object: 'eslint'
ΓÜá See more info here: https://nextjs.org/docs/messages/invalid-next-config
Γû▓ Next.js 16.1.1 (Turbopack)
- Environments: .env.local

  Creating an optimized production build ...
Γ£ô Compiled successfully in 7.9s
  Running TypeScript ...
Failed to compile.

./app/page.tsx:326:19
Type error: Object literal may only specify known properties, and 'whileHover' does not exist in type 'Transition<any>'.

  324 |                   duration: 0.5,
  325 |                   delay: 0.2,
> 326 |                   whileHover: { duration: 0.15, ease: "easeOut" }
      |                   ^
  327 |                 }}
  328 |                 viewport={{ once: true }}
  329 |                 className="relative aspect-[3/4] cursor-pointer group z-10"
Next.js build worker exited with code: 1 and signal: null
